<?xml version="1.0" encoding="UTF-8" ?>
<testsuite tests="6" failures="0" name="com.soutipai.dao.junit.UserDaoImplTest" time="0.025" errors="0" skipped="0">
  <properties>
[...]
</properties>
  <testcase classname="com.soutipai.dao.junit.UserDaoImplTest" name="getAll" time="0.014"/>
  <testcase classname="com.soutipai.dao.junit.UserDaoImplTest" name="insert" time="0.001"/>
  <testcase classname="com.soutipai.dao.junit.UserDaoImplTest" name="update" time="0.002"/>
  <testcase classname="com.soutipai.dao.junit.UserDaoImplTest" name="deleteById" time="0.003"/>
  <testcase classname="com.soutipai.dao.junit.UserDaoImplTest" name="getUserById" time="0.003"/>
  <testcase classname="com.soutipai.dao.junit.UserDaoImplTest" name="getCount" time="0.002"/>
</testsuite>